<?xml version="1.0" encoding="UTF-8"?>
<!-- Generated by org.testng.reporters.JUnitReportReporter -->
<testsuite hostname="PC" failures="0" tests="1" name="com.selenium4.test.Selenium4implementation.Dropdownhandle2" time="18.124" errors="0" timestamp="2022-02-01T13:56:39 IST" skipped="0">
  <testcase classname="com.selenium4.test.Selenium4implementation.Dropdownhandle2" name="Test1" time="18.124"/>
  <system-out/>
</testsuite> <!-- com.selenium4.test.Selenium4implementation.Dropdownhandle2 -->
